# JRE version: Java(TM) SE Runtime Environment (16.0.1+9) (build 16.0.1+9-24)
# Java VM: Java HotSpot(TM) 64-Bit Server VM (16.0.1+9-24, mixed mode, sharing, tiered, compressed oops, compressed class ptrs, g1 gc, windows-amd64)
GC Precious Log:
 CPUs: 8 total, 8 available
 Memory: 16305M
 Large Page Support: Disabled
 NUMA Support: Disabled
 Compressed Oops: Enabled (Zero based)
 Heap Region Size: 2M
 Heap Min Capacity: 8M
 Heap Initial Capacity: 256M
 Heap Max Capacity: 4G
 Pre-touch: Disabled
 Parallel Workers: 8
 Concurrent Workers: 2
 Concurrent Refinement Workers: 8
 Periodic GC: Disabled
Heap:
 garbage-first heap   total 174080K, used 104624K [0x0000000700000000, 0x0000000800000000)
  region size 2048K, 14 young (28672K), 1 survivors (2048K)
 Metaspace       used 77937K, committed 78912K, reserved 1122304K
  class space    used 10574K, committed 11072K, reserved 1048576K
GC Heap History (20 events):
Event: 52.400 GC heap before
{Heap before GC invocations=31 (full 0):
 garbage-first heap   total 131072K, used 92828K [0x0000000700000000, 0x0000000800000000)
  region size 2048K, 13 young (26624K), 2 survivors (4096K)
 Metaspace       used 73812K, committed 74624K, reserved 1114112K
  class space    used 10194K, committed 10560K, reserved 1048576K
}
Event: 52.403 GC heap after
{Heap after GC invocations=32 (full 0):
 garbage-first heap   total 131072K, used 75175K [0x0000000700000000, 0x0000000800000000)
  region size 2048K, 2 young (4096K), 2 survivors (4096K)
 Metaspace       used 73812K, committed 74624K, reserved 1114112K
  class space    used 10194K, committed 10560K, reserved 1048576K
}
Event: 52.611 GC heap before
{Heap before GC invocations=32 (full 0):
 garbage-first heap   total 131072K, used 99751K [0x0000000700000000, 0x0000000800000000)
  region size 2048K, 15 young (30720K), 2 survivors (4096K)
 Metaspace       used 74673K, committed 75456K, reserved 1114112K
  class space    used 10306K, committed 10688K, reserved 1048576K
}
Event: 52.614 GC heap after
{Heap after GC invocations=33 (full 0):
 garbage-first heap   total 131072K, used 76116K [0x0000000700000000, 0x0000000800000000)
  region size 2048K, 1 young (2048K), 1 survivors (2048K)
 Metaspace       used 74673K, committed 75456K, reserved 1114112K
  class space    used 10306K, committed 10688K, reserved 1048576K
}
Event: 53.668 GC heap before
{Heap before GC invocations=34 (full 0):
 garbage-first heap   total 153600K, used 100692K [0x0000000700000000, 0x0000000800000000)
  region size 2048K, 14 young (28672K), 1 survivors (2048K)
 Metaspace       used 75437K, committed 76288K, reserved 1122304K
  class space    used 10421K, committed 10816K, reserved 1048576K
}
Event: 53.671 GC heap after
{Heap after GC invocations=35 (full 0):
 garbage-first heap   total 153600K, used 76848K [0x0000000700000000, 0x0000000800000000)
  region size 2048K, 1 young (2048K), 1 survivors (2048K)
 Metaspace       used 75437K, committed 76288K, reserved 1122304K
  class space    used 10421K, committed 10816K, reserved 1048576K
}
Event: 54.717 GC heap before
{Heap before GC invocations=35 (full 0):
 garbage-first heap   total 153600K, used 117808K [0x0000000700000000, 0x0000000800000000)
  region size 2048K, 22 young (45056K), 1 survivors (2048K)
 Metaspace       used 75961K, committed 76736K, reserved 1122304K
  class space    used 10438K, committed 10816K, reserved 1048576K
}
Event: 54.725 GC heap after
{Heap after GC invocations=36 (full 0):
 garbage-first heap   total 153600K, used 80514K [0x0000000700000000, 0x0000000800000000)
  region size 2048K, 3 young (6144K), 3 survivors (6144K)
 Metaspace       used 75961K, committed 76736K, reserved 1122304K
  class space    used 10438K, committed 10816K, reserved 1048576K
}
Event: 56.255 GC heap before
{Heap before GC invocations=37 (full 0):
 garbage-first heap   total 153600K, used 119426K [0x0000000700000000, 0x0000000800000000)
  region size 2048K, 23 young (47104K), 3 survivors (6144K)
 Metaspace       used 76110K, committed 76992K, reserved 1122304K
  class space    used 10438K, committed 10880K, reserved 1048576K
}
Event: 56.258 GC heap after
{Heap after GC invocations=38 (full 0):
 garbage-first heap   total 153600K, used 78418K [0x0000000700000000, 0x0000000800000000)
  region size 2048K, 1 young (2048K), 1 survivors (2048K)
 Metaspace       used 76110K, committed 76992K, reserved 1122304K
  class space    used 10438K, committed 10880K, reserved 1048576K
}
Event: 56.845 GC heap before
{Heap before GC invocations=38 (full 0):
 garbage-first heap   total 153600K, used 123474K [0x0000000700000000, 0x0000000800000000)
  region size 2048K, 23 young (47104K), 1 survivors (2048K)
 Metaspace       used 76525K, committed 77376K, reserved 1122304K
  class space    used 10460K, committed 10880K, reserved 1048576K
}
Event: 56.849 GC heap after
{Heap after GC invocations=39 (full 0):
 garbage-first heap   total 153600K, used 81801K [0x0000000700000000, 0x0000000800000000)
  region size 2048K, 3 young (6144K), 3 survivors (6144K)
 Metaspace       used 76525K, committed 77376K, reserved 1122304K
  class space    used 10460K, committed 10880K, reserved 1048576K
}
Event: 949.070 GC heap before
{Heap before GC invocations=40 (full 0):
 garbage-first heap   total 174080K, used 120713K [0x0000000700000000, 0x0000000800000000)
  region size 2048K, 23 young (47104K), 3 survivors (6144K)
 Metaspace       used 76819K, committed 77696K, reserved 1122304K
  class space    used 10466K, committed 10880K, reserved 1048576K
}
Event: 949.071 GC heap after
{Heap after GC invocations=41 (full 0):
 garbage-first heap   total 174080K, used 78251K [0x0000000700000000, 0x0000000800000000)
  region size 2048K, 1 young (2048K), 1 survivors (2048K)
 Metaspace       used 76819K, committed 77696K, reserved 1122304K
  class space    used 10466K, committed 10880K, reserved 1048576K
}
Event: 3870.080 GC heap before
{Heap before GC invocations=41 (full 0):
 garbage-first heap   total 174080K, used 139691K [0x0000000700000000, 0x0000000800000000)
  region size 2048K, 31 young (63488K), 1 survivors (2048K)
 Metaspace       used 76963K, committed 77824K, reserved 1122304K
  class space    used 10468K, committed 10880K, reserved 1048576K
}
Event: 3870.168 GC heap after
{Heap after GC invocations=42 (full 0):
 garbage-first heap   total 174080K, used 77648K [0x0000000700000000, 0x0000000800000000)
  region size 2048K, 1 young (2048K), 1 survivors (2048K)
 Metaspace       used 76963K, committed 77824K, reserved 1122304K
  class space    used 10468K, committed 10880K, reserved 1048576K
}
Event: 4104.117 GC heap before
{Heap before GC invocations=42 (full 0):
 garbage-first heap   total 174080K, used 102224K [0x0000000700000000, 0x0000000800000000)
  region size 2048K, 14 young (28672K), 1 survivors (2048K)
 Metaspace       used 77538K, committed 78464K, reserved 1122304K
  class space    used 10552K, committed 11008K, reserved 1048576K
}
Event: 4104.179 GC heap after
{Heap after GC invocations=43 (full 0):
 garbage-first heap   total 174080K, used 80405K [0x0000000700000000, 0x0000000800000000)
  region size 2048K, 2 young (4096K), 2 survivors (4096K)
 Metaspace       used 77538K, committed 78464K, reserved 1122304K
  class space    used 10552K, committed 11008K, reserved 1048576K
}
Event: 4104.879 GC heap before
{Heap before GC invocations=43 (full 0):
 garbage-first heap   total 174080K, used 94741K [0x0000000700000000, 0x0000000800000000)
  region size 2048K, 9 young (18432K), 2 survivors (4096K)
 Metaspace       used 77750K, committed 78656K, reserved 1122304K
  class space    used 10558K, committed 11008K, reserved 1048576K
}
Event: 4104.891 GC heap after
{Heap after GC invocations=44 (full 0):
 garbage-first heap   total 174080K, used 82096K [0x0000000700000000, 0x0000000800000000)
  region size 2048K, 1 young (2048K), 1 survivors (2048K)
 Metaspace       used 77750K, committed 78656K, reserved 1122304K
  class space    used 10558K, committed 11008K, reserved 1048576K
}

