# JRE version: OpenJDK Runtime Environment Temurin-17.0.12+7 (17.0.12+7) (build 17.0.12+7)
# Java VM: OpenJDK 64-Bit Server VM Temurin-17.0.12+7 (17.0.12+7, mixed mode, tiered, compressed oops, compressed class ptrs, parallel gc, windows-amd64)
GC Precious Log:
 CPUs: 8 total, 8 available
 Memory: 16305M
 Large Page Support: Disabled
 NUMA Support: Disabled
 Compressed Oops: Enabled (32-bit)
 Alignments: Space 512K, Generation 512K, Heap 2M
 Heap Min Capacity: 100M
 Heap Initial Capacity: 100M
 Heap Max Capacity: 1G
 Pre-touch: Disabled
 Parallel Workers: 8
Heap:
 PSYoungGen      total 23552K, used 20468K [0x00000000eab00000, 0x00000000ec580000, 0x0000000100000000)
  eden space 22016K, 90% used [0x00000000eab00000,0x00000000ebe5d260,0x00000000ec080000)
  from space 1536K, 41% used [0x00000000ec280000,0x00000000ec320000,0x00000000ec400000)
  to   space 1024K, 0% used [0x00000000ec480000,0x00000000ec480000,0x00000000ec580000)
 ParOldGen       total 68608K, used 37479K [0x00000000c0000000, 0x00000000c4300000, 0x00000000eab00000)
  object space 68608K, 54% used [0x00000000c0000000,0x00000000c2499fd0,0x00000000c4300000)
 Metaspace       used 67715K, committed 68736K, reserved 1114112K
  class space    used 8335K, committed 8768K, reserved 1048576K
GC Heap History (20 events):
Event: 25.016 GC heap before
{Heap before GC invocations=31 (full 3):
 PSYoungGen      total 22528K, used 22423K [0x00000000eab00000, 0x00000000ec780000, 0x0000000100000000)
  eden space 22016K, 100% used [0x00000000eab00000,0x00000000ec080000,0x00000000ec080000)
  from space 512K, 79% used [0x00000000ec600000,0x00000000ec665c20,0x00000000ec680000)
  to   space 1024K, 0% used [0x00000000ec680000,0x00000000ec680000,0x00000000ec780000)
 ParOldGen       total 68608K, used 35518K [0x00000000c0000000, 0x00000000c4300000, 0x00000000eab00000)
  object space 68608K, 51% used [0x00000000c0000000,0x00000000c22afba8,0x00000000c4300000)
 Metaspace       used 64365K, committed 65344K, reserved 1114112K
  class space    used 7859K, committed 8320K, reserved 1048576K
}
Event: 25.017 GC heap after
{Heap after GC invocations=31 (full 3):
 PSYoungGen      total 23040K, used 575K [0x00000000eab00000, 0x00000000ec780000, 0x0000000100000000)
  eden space 22016K, 0% used [0x00000000eab00000,0x00000000eab00000,0x00000000ec080000)
  from space 1024K, 56% used [0x00000000ec680000,0x00000000ec70fd78,0x00000000ec780000)
  to   space 1024K, 0% used [0x00000000ec580000,0x00000000ec580000,0x00000000ec680000)
 ParOldGen       total 68608K, used 35694K [0x00000000c0000000, 0x00000000c4300000, 0x00000000eab00000)
  object space 68608K, 52% used [0x00000000c0000000,0x00000000c22db8b8,0x00000000c4300000)
 Metaspace       used 64365K, committed 65344K, reserved 1114112K
  class space    used 7859K, committed 8320K, reserved 1048576K
}
Event: 25.554 GC heap before
{Heap before GC invocations=32 (full 3):
 PSYoungGen      total 23040K, used 22591K [0x00000000eab00000, 0x00000000ec780000, 0x0000000100000000)
  eden space 22016K, 100% used [0x00000000eab00000,0x00000000ec080000,0x00000000ec080000)
  from space 1024K, 56% used [0x00000000ec680000,0x00000000ec70fd78,0x00000000ec780000)
  to   space 1024K, 0% used [0x00000000ec580000,0x00000000ec580000,0x00000000ec680000)
 ParOldGen       total 68608K, used 35694K [0x00000000c0000000, 0x00000000c4300000, 0x00000000eab00000)
  object space 68608K, 52% used [0x00000000c0000000,0x00000000c22db8b8,0x00000000c4300000)
 Metaspace       used 65523K, committed 66624K, reserved 1114112K
  class space    used 8065K, committed 8512K, reserved 1048576K
}
Event: 25.556 GC heap after
{Heap after GC invocations=32 (full 3):
 PSYoungGen      total 22528K, used 485K [0x00000000eab00000, 0x00000000ec700000, 0x0000000100000000)
  eden space 22016K, 0% used [0x00000000eab00000,0x00000000eab00000,0x00000000ec080000)
  from space 512K, 94% used [0x00000000ec580000,0x00000000ec5f94d0,0x00000000ec600000)
  to   space 1024K, 0% used [0x00000000ec600000,0x00000000ec600000,0x00000000ec700000)
 ParOldGen       total 68608K, used 35854K [0x00000000c0000000, 0x00000000c4300000, 0x00000000eab00000)
  object space 68608K, 52% used [0x00000000c0000000,0x00000000c23038b8,0x00000000c4300000)
 Metaspace       used 65523K, committed 66624K, reserved 1114112K
  class space    used 8065K, committed 8512K, reserved 1048576K
}
Event: 26.315 GC heap before
{Heap before GC invocations=33 (full 3):
 PSYoungGen      total 22528K, used 22501K [0x00000000eab00000, 0x00000000ec700000, 0x0000000100000000)
  eden space 22016K, 100% used [0x00000000eab00000,0x00000000ec080000,0x00000000ec080000)
  from space 512K, 94% used [0x00000000ec580000,0x00000000ec5f94d0,0x00000000ec600000)
  to   space 1024K, 0% used [0x00000000ec600000,0x00000000ec600000,0x00000000ec700000)
 ParOldGen       total 68608K, used 35854K [0x00000000c0000000, 0x00000000c4300000, 0x00000000eab00000)
  object space 68608K, 52% used [0x00000000c0000000,0x00000000c23038b8,0x00000000c4300000)
 Metaspace       used 65524K, committed 66624K, reserved 1114112K
  class space    used 8065K, committed 8512K, reserved 1048576K
}
Event: 26.316 GC heap after
{Heap after GC invocations=33 (full 3):
 PSYoungGen      total 22528K, used 288K [0x00000000eab00000, 0x00000000ec680000, 0x0000000100000000)
  eden space 22016K, 0% used [0x00000000eab00000,0x00000000eab00000,0x00000000ec080000)
  from space 512K, 56% used [0x00000000ec600000,0x00000000ec648000,0x00000000ec680000)
  to   space 512K, 0% used [0x00000000ec580000,0x00000000ec580000,0x00000000ec600000)
 ParOldGen       total 68608K, used 36139K [0x00000000c0000000, 0x00000000c4300000, 0x00000000eab00000)
  object space 68608K, 52% used [0x00000000c0000000,0x00000000c234aca0,0x00000000c4300000)
 Metaspace       used 65524K, committed 66624K, reserved 1114112K
  class space    used 8065K, committed 8512K, reserved 1048576K
}
Event: 27.016 GC heap before
{Heap before GC invocations=34 (full 3):
 PSYoungGen      total 22528K, used 22304K [0x00000000eab00000, 0x00000000ec680000, 0x0000000100000000)
  eden space 22016K, 100% used [0x00000000eab00000,0x00000000ec080000,0x00000000ec080000)
  from space 512K, 56% used [0x00000000ec600000,0x00000000ec648000,0x00000000ec680000)
  to   space 512K, 0% used [0x00000000ec580000,0x00000000ec580000,0x00000000ec600000)
 ParOldGen       total 68608K, used 36139K [0x00000000c0000000, 0x00000000c4300000, 0x00000000eab00000)
  object space 68608K, 52% used [0x00000000c0000000,0x00000000c234aca0,0x00000000c4300000)
 Metaspace       used 65524K, committed 66624K, reserved 1114112K
  class space    used 8065K, committed 8512K, reserved 1048576K
}
Event: 27.017 GC heap after
{Heap after GC invocations=34 (full 3):
 PSYoungGen      total 22528K, used 501K [0x00000000eab00000, 0x00000000ec680000, 0x0000000100000000)
  eden space 22016K, 0% used [0x00000000eab00000,0x00000000eab00000,0x00000000ec080000)
  from space 512K, 98% used [0x00000000ec580000,0x00000000ec5fd780,0x00000000ec600000)
  to   space 512K, 0% used [0x00000000ec600000,0x00000000ec600000,0x00000000ec680000)
 ParOldGen       total 68608K, used 36264K [0x00000000c0000000, 0x00000000c4300000, 0x00000000eab00000)
  object space 68608K, 52% used [0x00000000c0000000,0x00000000c236a228,0x00000000c4300000)
 Metaspace       used 65524K, committed 66624K, reserved 1114112K
  class space    used 8065K, committed 8512K, reserved 1048576K
}
Event: 27.551 GC heap before
{Heap before GC invocations=35 (full 3):
 PSYoungGen      total 22528K, used 22517K [0x00000000eab00000, 0x00000000ec680000, 0x0000000100000000)
  eden space 22016K, 100% used [0x00000000eab00000,0x00000000ec080000,0x00000000ec080000)
  from space 512K, 98% used [0x00000000ec580000,0x00000000ec5fd780,0x00000000ec600000)
  to   space 512K, 0% used [0x00000000ec600000,0x00000000ec600000,0x00000000ec680000)
 ParOldGen       total 68608K, used 36264K [0x00000000c0000000, 0x00000000c4300000, 0x00000000eab00000)
  object space 68608K, 52% used [0x00000000c0000000,0x00000000c236a228,0x00000000c4300000)
 Metaspace       used 65524K, committed 66624K, reserved 1114112K
  class space    used 8065K, committed 8512K, reserved 1048576K
}
Event: 27.552 GC heap after
{Heap after GC invocations=35 (full 3):
 PSYoungGen      total 22528K, used 492K [0x00000000eab00000, 0x00000000ec680000, 0x0000000100000000)
  eden space 22016K, 0% used [0x00000000eab00000,0x00000000eab00000,0x00000000ec080000)
  from space 512K, 96% used [0x00000000ec600000,0x00000000ec67b170,0x00000000ec680000)
  to   space 1536K, 0% used [0x00000000ec380000,0x00000000ec380000,0x00000000ec500000)
 ParOldGen       total 68608K, used 36893K [0x00000000c0000000, 0x00000000c4300000, 0x00000000eab00000)
  object space 68608K, 53% used [0x00000000c0000000,0x00000000c2407410,0x00000000c4300000)
 Metaspace       used 65524K, committed 66624K, reserved 1114112K
  class space    used 8065K, committed 8512K, reserved 1048576K
}
Event: 27.963 GC heap before
{Heap before GC invocations=36 (full 3):
 PSYoungGen      total 22528K, used 22508K [0x00000000eab00000, 0x00000000ec680000, 0x0000000100000000)
  eden space 22016K, 100% used [0x00000000eab00000,0x00000000ec080000,0x00000000ec080000)
  from space 512K, 96% used [0x00000000ec600000,0x00000000ec67b170,0x00000000ec680000)
  to   space 1536K, 0% used [0x00000000ec380000,0x00000000ec380000,0x00000000ec500000)
 ParOldGen       total 68608K, used 36893K [0x00000000c0000000, 0x00000000c4300000, 0x00000000eab00000)
  object space 68608K, 53% used [0x00000000c0000000,0x00000000c2407410,0x00000000c4300000)
 Metaspace       used 65524K, committed 66624K, reserved 1114112K
  class space    used 8065K, committed 8512K, reserved 1048576K
}
Event: 27.964 GC heap after
{Heap after GC invocations=36 (full 3):
 PSYoungGen      total 23552K, used 1191K [0x00000000eab00000, 0x00000000ec680000, 0x0000000100000000)
  eden space 22016K, 0% used [0x00000000eab00000,0x00000000eab00000,0x00000000ec080000)
  from space 1536K, 77% used [0x00000000ec380000,0x00000000ec4a9d68,0x00000000ec500000)
  to   space 1536K, 0% used [0x00000000ec500000,0x00000000ec500000,0x00000000ec680000)
 ParOldGen       total 68608K, used 36925K [0x00000000c0000000, 0x00000000c4300000, 0x00000000eab00000)
  object space 68608K, 53% used [0x00000000c0000000,0x00000000c240f410,0x00000000c4300000)
 Metaspace       used 65524K, committed 66624K, reserved 1114112K
  class space    used 8065K, committed 8512K, reserved 1048576K
}
Event: 28.572 GC heap before
{Heap before GC invocations=37 (full 3):
 PSYoungGen      total 23552K, used 23207K [0x00000000eab00000, 0x00000000ec680000, 0x0000000100000000)
  eden space 22016K, 100% used [0x00000000eab00000,0x00000000ec080000,0x00000000ec080000)
  from space 1536K, 77% used [0x00000000ec380000,0x00000000ec4a9d68,0x00000000ec500000)
  to   space 1536K, 0% used [0x00000000ec500000,0x00000000ec500000,0x00000000ec680000)
 ParOldGen       total 68608K, used 36925K [0x00000000c0000000, 0x00000000c4300000, 0x00000000eab00000)
  object space 68608K, 53% used [0x00000000c0000000,0x00000000c240f410,0x00000000c4300000)
 Metaspace       used 65525K, committed 66624K, reserved 1114112K
  class space    used 8065K, committed 8512K, reserved 1048576K
}
Event: 28.572 GC heap after
{Heap after GC invocations=37 (full 3):
 PSYoungGen      total 23552K, used 1258K [0x00000000eab00000, 0x00000000ec680000, 0x0000000100000000)
  eden space 22016K, 0% used [0x00000000eab00000,0x00000000eab00000,0x00000000ec080000)
  from space 1536K, 81% used [0x00000000ec500000,0x00000000ec63aa80,0x00000000ec680000)
  to   space 1536K, 0% used [0x00000000ec380000,0x00000000ec380000,0x00000000ec500000)
 ParOldGen       total 68608K, used 36981K [0x00000000c0000000, 0x00000000c4300000, 0x00000000eab00000)
  object space 68608K, 53% used [0x00000000c0000000,0x00000000c241d410,0x00000000c4300000)
 Metaspace       used 65525K, committed 66624K, reserved 1114112K
  class space    used 8065K, committed 8512K, reserved 1048576K
}
Event: 29.246 GC heap before
{Heap before GC invocations=38 (full 3):
 PSYoungGen      total 23552K, used 23274K [0x00000000eab00000, 0x00000000ec680000, 0x0000000100000000)
  eden space 22016K, 100% used [0x00000000eab00000,0x00000000ec080000,0x00000000ec080000)
  from space 1536K, 81% used [0x00000000ec500000,0x00000000ec63aa80,0x00000000ec680000)
  to   space 1536K, 0% used [0x00000000ec380000,0x00000000ec380000,0x00000000ec500000)
 ParOldGen       total 68608K, used 36981K [0x00000000c0000000, 0x00000000c4300000, 0x00000000eab00000)
  object space 68608K, 53% used [0x00000000c0000000,0x00000000c241d410,0x00000000c4300000)
 Metaspace       used 65525K, committed 66624K, reserved 1114112K
  class space    used 8065K, committed 8512K, reserved 1048576K
}
Event: 29.248 GC heap after
{Heap after GC invocations=38 (full 3):
 PSYoungGen      total 23552K, used 1257K [0x00000000eab00000, 0x00000000ec580000, 0x0000000100000000)
  eden space 22016K, 0% used [0x00000000eab00000,0x00000000eab00000,0x00000000ec080000)
  from space 1536K, 81% used [0x00000000ec380000,0x00000000ec4ba520,0x00000000ec500000)
  to   space 512K, 0% used [0x00000000ec500000,0x00000000ec500000,0x00000000ec580000)
 ParOldGen       total 68608K, used 37013K [0x00000000c0000000, 0x00000000c4300000, 0x00000000eab00000)
  object space 68608K, 53% used [0x00000000c0000000,0x00000000c2425410,0x00000000c4300000)
 Metaspace       used 65525K, committed 66624K, reserved 1114112K
  class space    used 8065K, committed 8512K, reserved 1048576K
}
Event: 29.878 GC heap before
{Heap before GC invocations=39 (full 3):
 PSYoungGen      total 23552K, used 23273K [0x00000000eab00000, 0x00000000ec580000, 0x0000000100000000)
  eden space 22016K, 100% used [0x00000000eab00000,0x00000000ec080000,0x00000000ec080000)
  from space 1536K, 81% used [0x00000000ec380000,0x00000000ec4ba520,0x00000000ec500000)
  to   space 512K, 0% used [0x00000000ec500000,0x00000000ec500000,0x00000000ec580000)
 ParOldGen       total 68608K, used 37013K [0x00000000c0000000, 0x00000000c4300000, 0x00000000eab00000)
  object space 68608K, 53% used [0x00000000c0000000,0x00000000c2425410,0x00000000c4300000)
 Metaspace       used 65525K, committed 66624K, reserved 1114112K
  class space    used 8065K, committed 8512K, reserved 1048576K
}
Event: 29.879 GC heap after
{Heap after GC invocations=39 (full 3):
 PSYoungGen      total 22528K, used 492K [0x00000000eab00000, 0x00000000ec580000, 0x0000000100000000)
  eden space 22016K, 0% used [0x00000000eab00000,0x00000000eab00000,0x00000000ec080000)
  from space 512K, 96% used [0x00000000ec500000,0x00000000ec57b170,0x00000000ec580000)
  to   space 1536K, 0% used [0x00000000ec280000,0x00000000ec280000,0x00000000ec400000)
 ParOldGen       total 68608K, used 37463K [0x00000000c0000000, 0x00000000c4300000, 0x00000000eab00000)
  object space 68608K, 54% used [0x00000000c0000000,0x00000000c2495fd0,0x00000000c4300000)
 Metaspace       used 65525K, committed 66624K, reserved 1114112K
  class space    used 8065K, committed 8512K, reserved 1048576K
}
Event: 30.589 GC heap before
{Heap before GC invocations=40 (full 3):
 PSYoungGen      total 22528K, used 22508K [0x00000000eab00000, 0x00000000ec580000, 0x0000000100000000)
  eden space 22016K, 100% used [0x00000000eab00000,0x00000000ec080000,0x00000000ec080000)
  from space 512K, 96% used [0x00000000ec500000,0x00000000ec57b170,0x00000000ec580000)
  to   space 1536K, 0% used [0x00000000ec280000,0x00000000ec280000,0x00000000ec400000)
 ParOldGen       total 68608K, used 37463K [0x00000000c0000000, 0x00000000c4300000, 0x00000000eab00000)
  object space 68608K, 54% used [0x00000000c0000000,0x00000000c2495fd0,0x00000000c4300000)
 Metaspace       used 66789K, committed 67840K, reserved 1114112K
  class space    used 8255K, committed 8704K, reserved 1048576K
}
Event: 30.591 GC heap after
{Heap after GC invocations=40 (full 3):
 PSYoungGen      total 23552K, used 640K [0x00000000eab00000, 0x00000000ec580000, 0x0000000100000000)
  eden space 22016K, 0% used [0x00000000eab00000,0x00000000eab00000,0x00000000ec080000)
  from space 1536K, 41% used [0x00000000ec280000,0x00000000ec320000,0x00000000ec400000)
  to   space 1024K, 0% used [0x00000000ec480000,0x00000000ec480000,0x00000000ec580000)
 ParOldGen       total 68608K, used 37479K [0x00000000c0000000, 0x00000000c4300000, 0x00000000eab00000)
  object space 68608K, 54% used [0x00000000c0000000,0x00000000c2499fd0,0x00000000c4300000)
 Metaspace       used 66789K, committed 67840K, reserved 1114112K
  class space    used 8255K, committed 8704K, reserved 1048576K
}

